Base path: 'C:/Program Files/Unity/Hub/Editor/2019.4.10f1/Editor/Data', plugins path 'C:/Program Files/Unity/Hub/Editor/2019.4.10f1/Editor/Data/PlaybackEngines'
Cmd: initializeCompiler
Cmd: preprocessCompute
  insize=7784 outsize=7786 ok=1
Cmd: preprocessCompute
  insize=6881 outsize=6883 ok=1
Cmd: preprocess
  insize=39973 outsize=609 ok=1
Cmd: preprocessCompute
  insize=8080 outsize=8082 ok=1
Cmd: preprocessCompute
  insize=6645 outsize=6647 ok=1
Cmd: preprocess
  insize=39953 outsize=609 ok=1
Cmd: preprocessCompute
  insize=7984 outsize=7986 ok=1
Cmd: preprocessCompute
  insize=6645 outsize=6647 ok=1
Cmd: preprocess
  insize=39953 outsize=608 ok=1
Cmd: preprocessCompute
  insize=7513 outsize=7515 ok=1
Cmd: preprocessCompute
  insize=6472 outsize=6474 ok=1
Cmd: preprocess
  insize=39973 outsize=609 ok=1
Cmd: preprocessCompute
  insize=7784 outsize=7786 ok=1
Cmd: preprocessCompute
  insize=6881 outsize=6883 ok=1
Cmd: preprocess
  insize=39973 outsize=609 ok=1
Cmd: preprocessCompute
  insize=8080 outsize=8082 ok=1
Cmd: preprocessCompute
  insize=6645 outsize=6647 ok=1
Cmd: preprocess
  insize=39953 outsize=609 ok=1
Cmd: preprocessCompute
  insize=7984 outsize=7986 ok=1
Cmd: preprocessCompute
  insize=6645 outsize=6647 ok=1
Cmd: preprocess
  insize=39953 outsize=608 ok=1
Cmd: preprocessCompute
  insize=7513 outsize=7515 ok=1
Cmd: preprocessCompute
  insize=6472 outsize=6474 ok=1
Cmd: preprocess
  insize=39973 outsize=609 ok=1
Cmd: preprocessCompute
  insize=7784 outsize=7786 ok=1
Cmd: preprocessCompute
  insize=6870 outsize=6872 ok=1
Cmd: preprocess
  insize=39973 outsize=609 ok=1
Cmd: preprocessCompute
  insize=8080 outsize=8082 ok=1
Cmd: preprocessCompute
  insize=6636 outsize=6638 ok=1
Cmd: preprocess
  insize=39953 outsize=609 ok=1
Cmd: preprocessCompute
  insize=7984 outsize=7986 ok=1
Cmd: preprocessCompute
  insize=6636 outsize=6638 ok=1
Cmd: preprocess
  insize=39953 outsize=608 ok=1
Cmd: preprocessCompute
  insize=7496 outsize=7498 ok=1
Cmd: preprocessCompute
  insize=6469 outsize=6471 ok=1
Cmd: preprocess
  insize=39973 outsize=609 ok=1
Cmd: preprocessCompute
  insize=7784 outsize=7786 ok=1
Cmd: preprocessCompute
  insize=6870 outsize=6872 ok=1
Cmd: preprocess
  insize=39973 outsize=609 ok=1
Cmd: preprocessCompute
  insize=8080 outsize=8082 ok=1
Cmd: preprocessCompute
  insize=6636 outsize=6638 ok=1
Cmd: preprocess
  insize=39953 outsize=609 ok=1
Cmd: preprocessCompute
  insize=7984 outsize=7986 ok=1
Cmd: preprocessCompute
  insize=6636 outsize=6638 ok=1
Cmd: preprocess
  insize=39953 outsize=608 ok=1
Cmd: preprocessCompute
  insize=7496 outsize=7498 ok=1
Cmd: preprocessCompute
  insize=6469 outsize=6471 ok=1
Cmd: preprocess
  insize=39973 outsize=609 ok=1
Cmd: preprocessCompute
  insize=7784 outsize=7786 ok=1
Cmd: preprocessCompute
  insize=6870 outsize=6872 ok=1
Cmd: preprocess
  insize=39973 outsize=609 ok=1
Cmd: preprocessCompute
  insize=8080 outsize=8082 ok=1
Cmd: preprocessCompute
  insize=6636 outsize=6638 ok=1
Cmd: preprocess
  insize=39953 outsize=609 ok=1
Cmd: preprocessCompute
  insize=7984 outsize=7986 ok=1
Cmd: preprocessCompute
  insize=6636 outsize=6638 ok=1
Cmd: preprocess
  insize=39953 outsize=608 ok=1
Cmd: preprocessCompute
  insize=7496 outsize=7498 ok=1
Cmd: preprocessCompute
  insize=6469 outsize=6471 ok=1
Cmd: preprocess
  insize=39973 outsize=609 ok=1
Cmd: preprocessCompute
  insize=7784 outsize=7786 ok=1
Cmd: preprocessCompute
  insize=6870 outsize=6872 ok=1
Cmd: preprocess
  insize=39973 outsize=609 ok=1
Cmd: preprocessCompute
  insize=8080 outsize=8082 ok=1
Cmd: preprocessCompute
  insize=6636 outsize=6638 ok=1
Cmd: preprocess
  insize=39953 outsize=609 ok=1
Cmd: preprocessCompute
  insize=7984 outsize=7986 ok=1
Cmd: preprocessCompute
  insize=6636 outsize=6638 ok=1
Cmd: preprocess
  insize=39953 outsize=608 ok=1
Cmd: preprocessCompute
  insize=7496 outsize=7498 ok=1
Cmd: preprocessCompute
  insize=6469 outsize=6471 ok=1
Cmd: preprocess
  insize=39973 outsize=609 ok=1
Cmd: preprocessCompute
  insize=7784 outsize=7786 ok=1
Cmd: preprocessCompute
  insize=6870 outsize=6872 ok=1
Cmd: preprocess
  insize=39973 outsize=609 ok=1
Cmd: preprocessCompute
  insize=8080 outsize=8082 ok=1
Cmd: preprocessCompute
  insize=6636 outsize=6638 ok=1
Cmd: preprocess
  insize=39953 outsize=609 ok=1
Cmd: preprocessCompute
  insize=7984 outsize=7986 ok=1
Cmd: preprocessCompute
  insize=6636 outsize=6638 ok=1
Cmd: preprocess
  insize=39953 outsize=608 ok=1
Cmd: preprocessCompute
  insize=7496 outsize=7498 ok=1
Cmd: preprocessCompute
  insize=6469 outsize=6471 ok=1
Cmd: preprocess
  insize=39973 outsize=609 ok=1
Cmd: preprocessCompute
  insize=7784 outsize=7786 ok=1
Cmd: preprocessCompute
  insize=6870 outsize=6872 ok=1
Cmd: preprocess
  insize=39973 outsize=609 ok=1
Cmd: preprocessCompute
  insize=8080 outsize=8082 ok=1
Cmd: preprocessCompute
  insize=6636 outsize=6638 ok=1
Cmd: preprocess
  insize=39953 outsize=609 ok=1
Cmd: preprocessCompute
  insize=7984 outsize=7986 ok=1
Cmd: preprocessCompute
  insize=6636 outsize=6638 ok=1
Cmd: preprocess
  insize=39953 outsize=608 ok=1
Cmd: preprocessCompute
  insize=7496 outsize=7498 ok=1
Cmd: preprocessCompute
  insize=6469 outsize=6471 ok=1
Cmd: preprocess
  insize=39973 outsize=609 ok=1
Cmd: preprocessCompute
  insize=7784 outsize=7786 ok=1
Cmd: preprocessCompute
  insize=6870 outsize=6872 ok=1
Cmd: preprocess
  insize=39973 outsize=609 ok=1
Cmd: preprocessCompute
  insize=8080 outsize=8082 ok=1
Cmd: preprocessCompute
  insize=6636 outsize=6638 ok=1
Cmd: preprocess
  insize=39953 outsize=609 ok=1
Cmd: preprocessCompute
  insize=7984 outsize=7986 ok=1
Cmd: preprocessCompute
  insize=6636 outsize=6638 ok=1
Cmd: preprocess
  insize=39953 outsize=608 ok=1
Cmd: preprocessCompute
  insize=7496 outsize=7498 ok=1
Cmd: preprocessCompute
  insize=6469 outsize=6471 ok=1
Cmd: preprocess
  insize=39973 outsize=609 ok=1
Cmd: preprocessCompute
  insize=7784 outsize=7786 ok=1
Cmd: preprocessCompute
  insize=6870 outsize=6872 ok=1
Cmd: preprocess
  insize=39973 outsize=609 ok=1
Cmd: preprocessCompute
  insize=8080 outsize=8082 ok=1
Cmd: preprocessCompute
  insize=6636 outsize=6638 ok=1
Cmd: preprocess
  insize=39953 outsize=609 ok=1
Cmd: preprocessCompute
  insize=7984 outsize=7986 ok=1
Cmd: preprocessCompute
  insize=6636 outsize=6638 ok=1
Cmd: preprocess
  insize=39953 outsize=608 ok=1
Cmd: preprocessCompute
  insize=7496 outsize=7498 ok=1
Cmd: preprocessCompute
  insize=6469 outsize=6471 ok=1
Cmd: preprocess
  insize=39973 outsize=609 ok=1
Cmd: preprocessCompute
  insize=7784 outsize=7786 ok=1
Cmd: preprocessCompute
  insize=6870 outsize=6872 ok=1
Cmd: preprocess
  insize=39973 outsize=609 ok=1
Cmd: preprocessCompute
  insize=8080 outsize=8082 ok=1
Cmd: preprocessCompute
  insize=6636 outsize=6638 ok=1
Cmd: preprocess
  insize=39953 outsize=609 ok=1
Cmd: preprocessCompute
  insize=7984 outsize=7986 ok=1
Cmd: preprocessCompute
  insize=6636 outsize=6638 ok=1
Cmd: preprocess
  insize=39953 outsize=608 ok=1
Cmd: preprocessCompute
  insize=7496 outsize=7498 ok=1
Cmd: preprocessCompute
  insize=6469 outsize=6471 ok=1
Cmd: preprocess
  insize=39973 outsize=609 ok=1
Cmd: preprocessCompute
  insize=7784 outsize=7786 ok=1
Cmd: preprocessCompute
  insize=6870 outsize=6872 ok=1
Cmd: preprocess
  insize=39973 outsize=609 ok=1
Cmd: preprocessCompute
  insize=8080 outsize=8082 ok=1
Cmd: preprocessCompute
  insize=6636 outsize=6638 ok=1
Cmd: preprocess
  insize=39953 outsize=609 ok=1
Cmd: preprocessCompute
  insize=7984 outsize=7986 ok=1
Cmd: preprocessCompute
  insize=6636 outsize=6638 ok=1
Cmd: preprocess
  insize=39953 outsize=608 ok=1
Cmd: preprocessCompute
  insize=7496 outsize=7498 ok=1
Cmd: preprocessCompute
  insize=6469 outsize=6471 ok=1
Cmd: preprocess
  insize=39973 outsize=609 ok=1
Cmd: preprocessCompute
  insize=7784 outsize=7786 ok=1
Cmd: preprocessCompute
  insize=6870 outsize=6872 ok=1
Cmd: preprocess
  insize=39973 outsize=609 ok=1
Cmd: preprocessCompute
  insize=8080 outsize=8082 ok=1
Cmd: preprocessCompute
  insize=6636 outsize=6638 ok=1
Cmd: preprocess
  insize=39953 outsize=609 ok=1
Cmd: preprocessCompute
  insize=7984 outsize=7986 ok=1
Cmd: preprocessCompute
  insize=6636 outsize=6638 ok=1
Cmd: preprocess
  insize=39953 outsize=608 ok=1
Cmd: preprocessCompute
  insize=7496 outsize=7498 ok=1
Cmd: preprocessCompute
  insize=6469 outsize=6471 ok=1
Cmd: preprocess
  insize=39973 outsize=609 ok=1
Cmd: compileSnippet
  api=4 type=0 insize=1152 outsize=2182 kw=UNITY_PASS_SHADOWCASTER SHADOWS_DEPTH PROCEDURAL_INSTANCING_ON pd=UNITY_ENABLE_REFLECTION_BUFFERS UNITY_USE_DITHER_MASK_FOR_ALPHABLENDED_SHADOWS UNITY_PBS_USE_BRDF1 UNITY_SPECCUBE_BOX_PROJECTION UNITY_SPECCUBE_BLENDING UNITY_ENABLE_DETAIL_NORMALMAP SHADER_API_DESKTOP UNITY_LIGHT_PROBE_PROXY_VOLUME UNITY_LIGHTMAP_RGBM_ENCODING ok=1
Cmd: compileSnippet
  api=4 type=1 insize=1152 outsize=186 kw=UNITY_PASS_SHADOWCASTER SHADOWS_DEPTH PROCEDURAL_INSTANCING_ON pd=UNITY_ENABLE_REFLECTION_BUFFERS UNITY_USE_DITHER_MASK_FOR_ALPHABLENDED_SHADOWS UNITY_PBS_USE_BRDF1 UNITY_SPECCUBE_BOX_PROJECTION UNITY_SPECCUBE_BLENDING UNITY_ENABLE_DETAIL_NORMALMAP SHADER_API_DESKTOP UNITY_LIGHT_PROBE_PROXY_VOLUME UNITY_LIGHTMAP_RGBM_ENCODING ok=1
Cmd: compileSnippet
  api=4 type=0 insize=2364 outsize=1762 kw=_ADDITIONAL_LIGHTS _SPECULAR_SETUP pd=UNITY_ENABLE_REFLECTION_BUFFERS UNITY_USE_DITHER_MASK_FOR_ALPHABLENDED_SHADOWS UNITY_PBS_USE_BRDF1 UNITY_SPECCUBE_BOX_PROJECTION UNITY_SPECCUBE_BLENDING UNITY_ENABLE_DETAIL_NORMALMAP SHADER_API_DESKTOP UNITY_LIGHT_PROBE_PROXY_VOLUME UNITY_LIGHTMAP_RGBM_ENCODING ok=1
Cmd: compileSnippet
  api=4 type=1 insize=2364 outsize=4062 kw=_ADDITIONAL_LIGHTS _SPECULAR_SETUP pd=UNITY_ENABLE_REFLECTION_BUFFERS UNITY_USE_DITHER_MASK_FOR_ALPHABLENDED_SHADOWS UNITY_PBS_USE_BRDF1 UNITY_SPECCUBE_BOX_PROJECTION UNITY_SPECCUBE_BLENDING UNITY_ENABLE_DETAIL_NORMALMAP SHADER_API_DESKTOP UNITY_LIGHT_PROBE_PROXY_VOLUME UNITY_LIGHTMAP_RGBM_ENCODING ok=1
Cmd: compileSnippet
  api=4 type=0 insize=1792 outsize=1270 kw=_COLORADDSUBDIFF_ON pd=UNITY_ENABLE_REFLECTION_BUFFERS UNITY_USE_DITHER_MASK_FOR_ALPHABLENDED_SHADOWS UNITY_PBS_USE_BRDF1 UNITY_SPECCUBE_BOX_PROJECTION UNITY_SPECCUBE_BLENDING UNITY_ENABLE_DETAIL_NORMALMAP SHADER_API_DESKTOP UNITY_LIGHT_PROBE_PROXY_VOLUME UNITY_LIGHTMAP_RGBM_ENCODING ok=1
Cmd: compileSnippet
  api=4 type=1 insize=1792 outsize=634 kw=_COLORADDSUBDIFF_ON pd=UNITY_ENABLE_REFLECTION_BUFFERS UNITY_USE_DITHER_MASK_FOR_ALPHABLENDED_SHADOWS UNITY_PBS_USE_BRDF1 UNITY_SPECCUBE_BOX_PROJECTION UNITY_SPECCUBE_BLENDING UNITY_ENABLE_DETAIL_NORMALMAP SHADER_API_DESKTOP UNITY_LIGHT_PROBE_PROXY_VOLUME UNITY_LIGHTMAP_RGBM_ENCODING ok=1
Cmd: compileSnippet
  api=4 type=0 insize=1152 outsize=2182 kw=UNITY_PASS_SHADOWCASTER SHADOWS_DEPTH PROCEDURAL_INSTANCING_ON _COLORADDSUBDIFF_ON pd=UNITY_ENABLE_REFLECTION_BUFFERS UNITY_USE_DITHER_MASK_FOR_ALPHABLENDED_SHADOWS UNITY_PBS_USE_BRDF1 UNITY_SPECCUBE_BOX_PROJECTION UNITY_SPECCUBE_BLENDING UNITY_ENABLE_DETAIL_NORMALMAP SHADER_API_DESKTOP UNITY_LIGHT_PROBE_PROXY_VOLUME UNITY_LIGHTMAP_RGBM_ENCODING ok=1
Cmd: compileSnippet
  api=4 type=1 insize=1152 outsize=186 kw=UNITY_PASS_SHADOWCASTER SHADOWS_DEPTH PROCEDURAL_INSTANCING_ON _COLORADDSUBDIFF_ON pd=UNITY_ENABLE_REFLECTION_BUFFERS UNITY_USE_DITHER_MASK_FOR_ALPHABLENDED_SHADOWS UNITY_PBS_USE_BRDF1 UNITY_SPECCUBE_BOX_PROJECTION UNITY_SPECCUBE_BLENDING UNITY_ENABLE_DETAIL_NORMALMAP SHADER_API_DESKTOP UNITY_LIGHT_PROBE_PROXY_VOLUME UNITY_LIGHTMAP_RGBM_ENCODING ok=1
Cmd: preprocessCompute
  insize=7784 outsize=7786 ok=1
Cmd: preprocessCompute
  insize=6870 outsize=6872 ok=1
Cmd: preprocess
  insize=39973 outsize=609 ok=1
Cmd: preprocessCompute
  insize=8080 outsize=8082 ok=1
Cmd: preprocessCompute
  insize=6636 outsize=6638 ok=1
Cmd: preprocess
  insize=39953 outsize=609 ok=1
Cmd: preprocessCompute
  insize=7984 outsize=7986 ok=1
Cmd: preprocessCompute
  insize=6636 outsize=6638 ok=1
Cmd: preprocess
  insize=39953 outsize=608 ok=1
Cmd: preprocessCompute
  insize=7496 outsize=7498 ok=1
Cmd: preprocessCompute
  insize=6469 outsize=6471 ok=1
Cmd: preprocess
  insize=39973 outsize=609 ok=1
Cmd: compileSnippet
  api=4 type=0 insize=1581 outsize=790 kw= pd=UNITY_ENABLE_REFLECTION_BUFFERS UNITY_USE_DITHER_MASK_FOR_ALPHABLENDED_SHADOWS UNITY_PBS_USE_BRDF1 UNITY_SPECCUBE_BOX_PROJECTION UNITY_SPECCUBE_BLENDING UNITY_ENABLE_DETAIL_NORMALMAP SHADER_API_DESKTOP UNITY_LIGHT_PROBE_PROXY_VOLUME UNITY_LIGHTMAP_RGBM_ENCODING ok=1
Cmd: compileSnippet
  api=4 type=1 insize=1581 outsize=374 kw= pd=UNITY_ENABLE_REFLECTION_BUFFERS UNITY_USE_DITHER_MASK_FOR_ALPHABLENDED_SHADOWS UNITY_PBS_USE_BRDF1 UNITY_SPECCUBE_BOX_PROJECTION UNITY_SPECCUBE_BLENDING UNITY_ENABLE_DETAIL_NORMALMAP SHADER_API_DESKTOP UNITY_LIGHT_PROBE_PROXY_VOLUME UNITY_LIGHTMAP_RGBM_ENCODING ok=1
Cmd: preprocessCompute
  insize=7784 outsize=7786 ok=1
Cmd: preprocessCompute
  insize=6881 outsize=6883 ok=1
Cmd: preprocess
  insize=39973 outsize=609 ok=1
Cmd: preprocessCompute
  insize=8080 outsize=8082 ok=1
Cmd: preprocessCompute
  insize=6645 outsize=6647 ok=1
Cmd: preprocess
  insize=39953 outsize=609 ok=1
Cmd: preprocessCompute
  insize=7984 outsize=7986 ok=1
Cmd: preprocessCompute
  insize=6645 outsize=6647 ok=1
Cmd: preprocess
  insize=39953 outsize=608 ok=1
Cmd: preprocessCompute
  insize=7513 outsize=7515 ok=1
Cmd: preprocessCompute
  insize=6472 outsize=6474 ok=1
Cmd: preprocess
  insize=39973 outsize=609 ok=1
Cmd: preprocessCompute
  insize=7784 outsize=7786 ok=1
Cmd: preprocessCompute
  insize=6881 outsize=6883 ok=1
Cmd: preprocess
  insize=39973 outsize=609 ok=1
Cmd: preprocessCompute
  insize=8080 outsize=8082 ok=1
Cmd: preprocessCompute
  insize=6645 outsize=6647 ok=1
Cmd: preprocess
  insize=39953 outsize=609 ok=1
Cmd: preprocessCompute
  insize=7984 outsize=7986 ok=1
Cmd: preprocessCompute
  insize=6645 outsize=6647 ok=1
Cmd: preprocess
  insize=39953 outsize=608 ok=1
Cmd: preprocessCompute
  insize=7513 outsize=7515 ok=1
Cmd: preprocessCompute
  insize=6472 outsize=6474 ok=1
Cmd: preprocess
  insize=39973 outsize=609 ok=1
